[17Jul2025 00:02:20.138] [Server thread/INFO] [net.minecraft.server.MinecraftServer/]: pablito was slain by Zombie Bruiser
[17Jul2025 00:02:20.506] [Server thread/INFO] [tombstone/]: The player pablito has successfully been saved
[17Jul2025 00:02:29.586] [Server thread/INFO] [net.minecraft.server.MinecraftServer/]: pablito was slain by Zombie Bruiser
[17Jul2025 00:02:29.610] [Server thread/INFO] [tombstone/]: The player pablito has successfully been saved
[17Jul2025 00:02:34.331] [Server thread/INFO] [net.minecraft.server.MinecraftServer/]: [pablito: Set own game mode to Creative Mode]
[17Jul2025 00:04:22.747] [Server thread/INFO] [net.minecraft.server.MinecraftServer/]: [pablito: Made Kira_R no longer a server operator]
[17Jul2025 00:04:26.935] [Server thread/INFO] [net.minecraft.server.MinecraftServer/]: [pablito: Made funado69 no longer a server operator]
[17Jul2025 00:04:29.791] [Server thread/INFO] [net.minecraft.server.MinecraftServer/]: [pablito: Set own game mode to Survival Mode]
[17Jul2025 00:08:46.733] [Server thread/INFO] [net.minecraft.server.MinecraftServer/]: pablito has made the advancement [Intruder Alert]
[17Jul2025 00:09:26.258] [Server thread/INFO] [net.minecraft.server.players.PlayerList/]: funado69[/127.9.125.118:46977] logged in with entity id 19605 at (799.2325071159645, 68.0, -453.8418036868793)
[17Jul2025 00:09:26.271] [Server thread/INFO] [net.minecraft.server.MinecraftServer/]: funado69 joined the game
[17Jul2025 00:09:26.289] [Server thread/INFO] [Jade/]: Syncing config to funado69 (b77ce13a-173f-3536-8169-0fe2ff9276ec)
[17Jul2025 00:09:27.703] [Server thread/INFO] [net.minecraft.server.MinecraftServer/]: pablito has made the advancement [Cover Me In Emeralds]
[17Jul2025 00:09:27.703] [Server thread/INFO] [net.minecraft.server.MinecraftServer/]: pablito has made the advancement [The Beginning of An Adventure]
[17Jul2025 00:09:30.453] [Server thread/INFO] [voicechat/]: [voicechat] Received secret request of funado69 (18)
[17Jul2025 00:09:30.453] [Server thread/INFO] [voicechat/]: [voicechat] Sent secret to funado69
[17Jul2025 00:09:38.759] [Server thread/INFO] [net.minecraft.server.MinecraftServer/]: [pablito: Set funado69's game mode to Survival Mode]
[17Jul2025 00:10:05.157] [Server thread/INFO] [net.minecraft.server.MinecraftServer/]: [Not Secure] <funado69> que haces ?
[17Jul2025 00:11:57.748] [Server thread/INFO] [net.minecraft.server.MinecraftServer/]: [Not Secure] <funado69> dame el op clavitoooooooooo
[17Jul2025 00:12:02.349] [Server thread/INFO] [net.minecraft.server.MinecraftServer/]: [Not Secure] <funado69> y ven a discordddddddddd
[17Jul2025 00:12:18.703] [Server thread/INFO] [net.minecraft.server.MinecraftServer/]: [Not Secure] <pablito> ando de aventura
[17Jul2025 00:12:26.649] [Server thread/INFO] [net.minecraft.server.MinecraftServer/]: [Not Secure] <funado69> dame el op
[17Jul2025 00:12:32.602] [Server thread/INFO] [net.minecraft.server.MinecraftServer/]: [Not Secure] <funado69> quiero adornar mi house
[17Jul2025 00:13:14.005] [Server thread/INFO] [net.minecraft.server.MinecraftServer/]: [Not Secure] <funado69> pofavo vv
[17Jul2025 00:13:14.914] [Server thread/INFO] [net.minecraft.server.MinecraftServer/]: pablito has made the advancement [Voluntary Exile]
[17Jul2025 00:13:49.197] [Server thread/INFO] [net.minecraft.server.MinecraftServer/]: [Not Secure] <pablito> tu casa es ya un pueblo
[17Jul2025 00:13:51.645] [Server thread/INFO] [net.minecraft.server.MinecraftServer/]: [Not Secure] <pablito> jajjajja
